# JRE version: OpenJDK Runtime Environment Temurin-17.0.8.1+1 (17.0.8.1+1) (build 17.0.8.1+1)
# Java VM: OpenJDK 64-Bit Server VM Temurin-17.0.8.1+1 (17.0.8.1+1, mixed mode, emulated-client, tiered, compressed oops, compressed class ptrs, g1 gc, windows-amd64)
GC Precious Log:
 CPUs: 4 total, 4 available
 Memory: 12154M
 Large Page Support: Disabled
 NUMA Support: Disabled
 Compressed Oops: Enabled (Zero based)
 Heap Region Size: 2M
 Heap Min Capacity: 8M
 Heap Initial Capacity: 190M
 Heap Max Capacity: 3040M
 Pre-touch: Disabled
 Parallel Workers: 4
 Concurrent Workers: 1
 Concurrent Refinement Workers: 4
 Periodic GC: Disabled
Heap:
 garbage-first heap   total 61440K, used 47196K [0x0000000742000000, 0x0000000800000000)
  region size 2048K, 12 young (24576K), 2 survivors (4096K)
 Metaspace       used 71300K, committed 72000K, reserved 1114112K
  class space    used 9785K, committed 10112K, reserved 1048576K
GC Heap History (20 events):
Event: 6.215 GC heap after
{Heap after GC invocations=12 (full 0):
 garbage-first heap   total 118784K, used 16142K [0x0000000742000000, 0x0000000800000000)
  region size 2048K, 2 young (4096K), 2 survivors (4096K)
 Metaspace       used 35975K, committed 36416K, reserved 1114112K
  class space    used 4525K, committed 4736K, reserved 1048576K
}
Event: 7.457 GC heap before
{Heap before GC invocations=13 (full 0):
 garbage-first heap   total 61440K, used 48910K [0x0000000742000000, 0x0000000800000000)
  region size 2048K, 18 young (36864K), 2 survivors (4096K)
 Metaspace       used 41840K, committed 42304K, reserved 1114112K
  class space    used 5416K, committed 5632K, reserved 1048576K
}
Event: 7.466 GC heap after
{Heap after GC invocations=14 (full 0):
 garbage-first heap   total 61440K, used 17873K [0x0000000742000000, 0x0000000800000000)
  region size 2048K, 3 young (6144K), 3 survivors (6144K)
 Metaspace       used 41840K, committed 42304K, reserved 1114112K
  class space    used 5416K, committed 5632K, reserved 1048576K
}
Event: 7.525 GC heap before
{Heap before GC invocations=14 (full 0):
 garbage-first heap   total 61440K, used 19921K [0x0000000742000000, 0x0000000800000000)
  region size 2048K, 4 young (8192K), 3 survivors (6144K)
 Metaspace       used 42239K, committed 42688K, reserved 1114112K
  class space    used 5501K, committed 5696K, reserved 1048576K
}
Event: 7.534 GC heap after
{Heap after GC invocations=15 (full 0):
 garbage-first heap   total 61440K, used 17859K [0x0000000742000000, 0x0000000800000000)
  region size 2048K, 1 young (2048K), 1 survivors (2048K)
 Metaspace       used 42239K, committed 42688K, reserved 1114112K
  class space    used 5501K, committed 5696K, reserved 1048576K
}
Event: 8.624 GC heap before
{Heap before GC invocations=15 (full 0):
 garbage-first heap   total 61440K, used 44483K [0x0000000742000000, 0x0000000800000000)
  region size 2048K, 14 young (28672K), 1 survivors (2048K)
 Metaspace       used 48590K, committed 49088K, reserved 1114112K
  class space    used 6307K, committed 6528K, reserved 1048576K
}
Event: 8.630 GC heap after
{Heap after GC invocations=16 (full 0):
 garbage-first heap   total 61440K, used 19536K [0x0000000742000000, 0x0000000800000000)
  region size 2048K, 2 young (4096K), 2 survivors (4096K)
 Metaspace       used 48590K, committed 49088K, reserved 1114112K
  class space    used 6307K, committed 6528K, reserved 1048576K
}
Event: 9.390 GC heap before
{Heap before GC invocations=16 (full 0):
 garbage-first heap   total 61440K, used 44112K [0x0000000742000000, 0x0000000800000000)
  region size 2048K, 14 young (28672K), 2 survivors (4096K)
 Metaspace       used 55050K, committed 55552K, reserved 1114112K
  class space    used 7321K, committed 7552K, reserved 1048576K
}
Event: 9.396 GC heap after
{Heap after GC invocations=17 (full 0):
 garbage-first heap   total 61440K, used 20908K [0x0000000742000000, 0x0000000800000000)
  region size 2048K, 1 young (2048K), 1 survivors (2048K)
 Metaspace       used 55050K, committed 55552K, reserved 1114112K
  class space    used 7321K, committed 7552K, reserved 1048576K
}
Event: 10.199 GC heap before
{Heap before GC invocations=17 (full 0):
 garbage-first heap   total 61440K, used 47532K [0x0000000742000000, 0x0000000800000000)
  region size 2048K, 14 young (28672K), 1 survivors (2048K)
 Metaspace       used 59666K, committed 60160K, reserved 1114112K
  class space    used 8036K, committed 8256K, reserved 1048576K
}
Event: 10.205 GC heap after
{Heap after GC invocations=18 (full 0):
 garbage-first heap   total 61440K, used 22167K [0x0000000742000000, 0x0000000800000000)
  region size 2048K, 2 young (4096K), 2 survivors (4096K)
 Metaspace       used 59666K, committed 60160K, reserved 1114112K
  class space    used 8036K, committed 8256K, reserved 1048576K
}
Event: 10.306 GC heap before
{Heap before GC invocations=18 (full 0):
 garbage-first heap   total 61440K, used 26263K [0x0000000742000000, 0x0000000800000000)
  region size 2048K, 5 young (10240K), 2 survivors (4096K)
 Metaspace       used 60430K, committed 60928K, reserved 1114112K
  class space    used 8124K, committed 8320K, reserved 1048576K
}
Event: 10.312 GC heap after
{Heap after GC invocations=19 (full 0):
 garbage-first heap   total 61440K, used 22607K [0x0000000742000000, 0x0000000800000000)
  region size 2048K, 1 young (2048K), 1 survivors (2048K)
 Metaspace       used 60430K, committed 60928K, reserved 1114112K
  class space    used 8124K, committed 8320K, reserved 1048576K
}
Event: 11.050 GC heap before
{Heap before GC invocations=20 (full 0):
 garbage-first heap   total 61440K, used 45135K [0x0000000742000000, 0x0000000800000000)
  region size 2048K, 12 young (24576K), 1 survivors (2048K)
 Metaspace       used 62421K, committed 62976K, reserved 1114112K
  class space    used 8495K, committed 8768K, reserved 1048576K
}
Event: 11.057 GC heap after
{Heap after GC invocations=21 (full 0):
 garbage-first heap   total 61440K, used 23475K [0x0000000742000000, 0x0000000800000000)
  region size 2048K, 2 young (4096K), 2 survivors (4096K)
 Metaspace       used 62421K, committed 62976K, reserved 1114112K
  class space    used 8495K, committed 8768K, reserved 1048576K
}
Event: 11.853 GC heap before
{Heap before GC invocations=22 (full 0):
 garbage-first heap   total 61440K, used 46003K [0x0000000742000000, 0x0000000800000000)
  region size 2048K, 13 young (26624K), 2 survivors (4096K)
 Metaspace       used 64469K, committed 65088K, reserved 1114112K
  class space    used 8786K, committed 9088K, reserved 1048576K
}
Event: 11.864 GC heap after
{Heap after GC invocations=23 (full 0):
 garbage-first heap   total 61440K, used 25268K [0x0000000742000000, 0x0000000800000000)
  region size 2048K, 2 young (4096K), 2 survivors (4096K)
 Metaspace       used 64469K, committed 65088K, reserved 1114112K
  class space    used 8786K, committed 9088K, reserved 1048576K
}
Event: 95.749 GC heap before
{Heap before GC invocations=23 (full 0):
 garbage-first heap   total 61440K, used 47796K [0x0000000742000000, 0x0000000800000000)
  region size 2048K, 13 young (26624K), 2 survivors (4096K)
 Metaspace       used 67598K, committed 68160K, reserved 1114112K
  class space    used 9228K, committed 9472K, reserved 1048576K
}
Event: 95.760 GC heap after
{Heap after GC invocations=24 (full 0):
 garbage-first heap   total 61440K, used 26716K [0x0000000742000000, 0x0000000800000000)
  region size 2048K, 2 young (4096K), 2 survivors (4096K)
 Metaspace       used 67598K, committed 68160K, reserved 1114112K
  class space    used 9228K, committed 9472K, reserved 1048576K
}
Event: 3245.048 GC heap before
{Heap before GC invocations=24 (full 0):
 garbage-first heap   total 61440K, used 45148K [0x0000000742000000, 0x0000000800000000)
  region size 2048K, 12 young (24576K), 2 survivors (4096K)
 Metaspace       used 71300K, committed 72000K, reserved 1114112K
  class space    used 9785K, committed 10112K, reserved 1048576K
}

